<?xml version="1.0" encoding="UTF-8"?>
<!-- Generated by org.testng.reporters.JUnitReportReporter -->
<testsuite hostname="Aritras-MacBook-Pro.local" failures="0" tests="1" name="cucumberOptions.TestRunner" time="17.968" errors="0" timestamp="23 Oct 2020 11:52:18 GMT">
  <testcase classname="cucumberOptions.TestRunner" name="feature" time="17.968"/>
</testsuite> <!-- cucumberOptions.TestRunner -->
